[2024-03-30T00:40:02.938+0000] {taskinstance.py:1979} INFO - Dependencies all met for dep_context=non-requeueable deps ti=<TaskInstance: migrate_student_data_to_snowflake.join_datasets scheduled__2024-03-29T00:00:00+00:00 [queued]>
[2024-03-30T00:40:02.948+0000] {taskinstance.py:1979} INFO - Dependencies all met for dep_context=requeueable deps ti=<TaskInstance: migrate_student_data_to_snowflake.join_datasets scheduled__2024-03-29T00:00:00+00:00 [queued]>
[2024-03-30T00:40:02.949+0000] {taskinstance.py:2193} INFO - Starting attempt 1 of 2
[2024-03-30T00:40:02.964+0000] {taskinstance.py:2217} INFO - Executing <Task(PythonOperator): join_datasets> on 2024-03-29 00:00:00+00:00
[2024-03-30T00:40:02.970+0000] {standard_task_runner.py:60} INFO - Started process 92 to run task
[2024-03-30T00:40:02.974+0000] {standard_task_runner.py:87} INFO - Running: ['***', 'tasks', 'run', 'migrate_student_data_to_snowflake', 'join_datasets', 'scheduled__2024-03-29T00:00:00+00:00', '--job-id', '99', '--raw', '--subdir', 'DAGS_FOLDER/student_data_migration.py', '--cfg-path', '/tmp/tmp2lvrzi27']
[2024-03-30T00:40:02.977+0000] {standard_task_runner.py:88} INFO - Job 99: Subtask join_datasets
[2024-03-30T00:40:03.032+0000] {task_command.py:423} INFO - Running <TaskInstance: migrate_student_data_to_snowflake.join_datasets scheduled__2024-03-29T00:00:00+00:00 [running]> on host 2417d3f97037
[2024-03-30T00:40:03.142+0000] {taskinstance.py:2513} INFO - Exporting env vars: AIRFLOW_CTX_DAG_OWNER='***' AIRFLOW_CTX_DAG_ID='migrate_student_data_to_snowflake' AIRFLOW_CTX_TASK_ID='join_datasets' AIRFLOW_CTX_EXECUTION_DATE='2024-03-29T00:00:00+00:00' AIRFLOW_CTX_TRY_NUMBER='1' AIRFLOW_CTX_DAG_RUN_ID='scheduled__2024-03-29T00:00:00+00:00'
[2024-03-30T00:40:03.153+0000] {student_data_migration.py:105} INFO - Datasets joined successfully.
[2024-03-30T00:40:03.154+0000] {python.py:202} INFO - Done. Returned value was:    student_id  ... missed_days
0        S001  ...         3.0
1        S002  ...         5.0
2        S003  ...         2.0
3        S004  ...         1.0
4        S005  ...         4.0
5        S006  ...         2.0
6        S007  ...         3.0
7        S008  ...         1.0
8        S009  ...         6.0
9        S010  ...         3.0
10       S011  ...         4.0
11       S012  ...         2.0
12       S013  ...         5.0
13       S014  ...         3.0
14       S015  ...         2.0
15       S016  ...         4.0
16       S017  ...         3.0
17       S018  ...         1.0
18       S019  ...         2.0
19       S020  ...         5.0
20       S021  ...         3.0
21       S022  ...         4.0
22       S023  ...         2.0
23       S024  ...         1.0
24       S025  ...         5.0
25       S026  ...         2.0
26       S027  ...         3.0
27       S028  ...         4.0
28       S029  ...         2.0
29       S030  ...         1.0
30       S031  ...         3.0
31       S072  ...         0.0
32       S073  ...         0.0
33       S034  ...         4.0
34       S035  ...         3.0
35       S036  ...         1.0
36       S037  ...         2.0
37       S038  ...         5.0
38       S039  ...         3.0
39       S040  ...         4.0
40       S041  ...         2.0
41       S042  ...         1.0
42       S043  ...         5.0
43       S044  ...         3.0
44       S045  ...         2.0
45       S046  ...         4.0
46       S047  ...         3.0
47       S048  ...         1.0
48       S049  ...         2.0
49       S050  ...         5.0

[50 rows x 4 columns]
[2024-03-30T00:40:03.237+0000] {taskinstance.py:1149} INFO - Marking task as SUCCESS. dag_id=migrate_student_data_to_snowflake, task_id=join_datasets, execution_date=20240329T000000, start_date=20240330T004002, end_date=20240330T004003
[2024-03-30T00:40:03.268+0000] {local_task_job_runner.py:234} INFO - Task exited with return code 0
[2024-03-30T00:40:03.292+0000] {taskinstance.py:3312} INFO - 1 downstream tasks scheduled from follow-on schedule check
[2024-03-30T01:51:10.571+0000] {taskinstance.py:1979} INFO - Dependencies all met for dep_context=non-requeueable deps ti=<TaskInstance: migrate_student_data_to_snowflake.join_datasets scheduled__2024-03-29T00:00:00+00:00 [queued]>
[2024-03-30T01:51:10.579+0000] {taskinstance.py:1979} INFO - Dependencies all met for dep_context=requeueable deps ti=<TaskInstance: migrate_student_data_to_snowflake.join_datasets scheduled__2024-03-29T00:00:00+00:00 [queued]>
[2024-03-30T01:51:10.579+0000] {taskinstance.py:2193} INFO - Starting attempt 1 of 2
[2024-03-30T01:51:10.590+0000] {taskinstance.py:2217} INFO - Executing <Task(PythonOperator): join_datasets> on 2024-03-29 00:00:00+00:00
[2024-03-30T01:51:10.595+0000] {standard_task_runner.py:60} INFO - Started process 100 to run task
[2024-03-30T01:51:10.598+0000] {standard_task_runner.py:87} INFO - Running: ['***', 'tasks', 'run', 'migrate_student_data_to_snowflake', 'join_datasets', 'scheduled__2024-03-29T00:00:00+00:00', '--job-id', '140', '--raw', '--subdir', 'DAGS_FOLDER/student_data_migration.py', '--cfg-path', '/tmp/tmp7u8r09tl']
[2024-03-30T01:51:10.600+0000] {standard_task_runner.py:88} INFO - Job 140: Subtask join_datasets
[2024-03-30T01:51:10.637+0000] {task_command.py:423} INFO - Running <TaskInstance: migrate_student_data_to_snowflake.join_datasets scheduled__2024-03-29T00:00:00+00:00 [running]> on host 4eb3fd2c57a4
[2024-03-30T01:51:10.706+0000] {taskinstance.py:2513} INFO - Exporting env vars: AIRFLOW_CTX_DAG_OWNER='***' AIRFLOW_CTX_DAG_ID='migrate_student_data_to_snowflake' AIRFLOW_CTX_TASK_ID='join_datasets' AIRFLOW_CTX_EXECUTION_DATE='2024-03-29T00:00:00+00:00' AIRFLOW_CTX_TRY_NUMBER='1' AIRFLOW_CTX_DAG_RUN_ID='scheduled__2024-03-29T00:00:00+00:00'
[2024-03-30T01:51:10.712+0000] {student_data_migration.py:103} INFO - Datasets joined successfully.
[2024-03-30T01:51:10.713+0000] {student_data_migration.py:104} INFO - Example rows of df_merged:
[2024-03-30T01:51:10.713+0000] {student_data_migration.py:105} INFO -   student_id  ... missed_days
0       S001  ...         3.0
1       S002  ...         5.0

[2 rows x 4 columns]
[2024-03-30T01:51:10.723+0000] {python.py:202} INFO - Done. Returned value was:    student_id  ... missed_days
0        S001  ...         3.0
1        S002  ...         5.0
2        S003  ...         2.0
3        S004  ...         1.0
4        S005  ...         4.0
5        S006  ...         2.0
6        S007  ...         3.0
7        S008  ...         1.0
8        S009  ...         6.0
9        S010  ...         3.0
10       S011  ...         4.0
11       S012  ...         2.0
12       S013  ...         5.0
13       S014  ...         3.0
14       S015  ...         2.0
15       S016  ...         4.0
16       S017  ...         3.0
17       S018  ...         1.0
18       S019  ...         2.0
19       S020  ...         5.0
20       S021  ...         3.0
21       S022  ...         4.0
22       S023  ...         2.0
23       S024  ...         1.0
24       S025  ...         5.0
25       S026  ...         2.0
26       S027  ...         3.0
27       S028  ...         4.0
28       S029  ...         2.0
29       S030  ...         1.0
30       S031  ...         3.0
31       S072  ...         0.0
32       S073  ...         0.0
33       S034  ...         4.0
34       S035  ...         3.0
35       S036  ...         1.0
36       S037  ...         2.0
37       S038  ...         5.0
38       S039  ...         3.0
39       S040  ...         4.0
40       S041  ...         2.0
41       S042  ...         1.0
42       S043  ...         5.0
43       S044  ...         3.0
44       S045  ...         2.0
45       S046  ...         4.0
46       S047  ...         3.0
47       S048  ...         1.0
48       S049  ...         2.0
49       S050  ...         5.0

[50 rows x 4 columns]
[2024-03-30T01:51:10.781+0000] {taskinstance.py:1149} INFO - Marking task as SUCCESS. dag_id=migrate_student_data_to_snowflake, task_id=join_datasets, execution_date=20240329T000000, start_date=20240330T015110, end_date=20240330T015110
[2024-03-30T01:51:10.811+0000] {local_task_job_runner.py:234} INFO - Task exited with return code 0
[2024-03-30T01:51:10.828+0000] {taskinstance.py:3312} INFO - 1 downstream tasks scheduled from follow-on schedule check
[2024-03-30T02:25:27.277+0000] {taskinstance.py:1979} INFO - Dependencies all met for dep_context=non-requeueable deps ti=<TaskInstance: migrate_student_data_to_snowflake.join_datasets scheduled__2024-03-29T00:00:00+00:00 [queued]>
[2024-03-30T02:25:27.283+0000] {taskinstance.py:1979} INFO - Dependencies all met for dep_context=requeueable deps ti=<TaskInstance: migrate_student_data_to_snowflake.join_datasets scheduled__2024-03-29T00:00:00+00:00 [queued]>
[2024-03-30T02:25:27.284+0000] {taskinstance.py:2193} INFO - Starting attempt 1 of 2
[2024-03-30T02:25:27.293+0000] {taskinstance.py:2217} INFO - Executing <Task(PythonOperator): join_datasets> on 2024-03-29 00:00:00+00:00
[2024-03-30T02:25:27.298+0000] {standard_task_runner.py:60} INFO - Started process 85 to run task
[2024-03-30T02:25:27.301+0000] {standard_task_runner.py:87} INFO - Running: ['***', 'tasks', 'run', 'migrate_student_data_to_snowflake', 'join_datasets', 'scheduled__2024-03-29T00:00:00+00:00', '--job-id', '180', '--raw', '--subdir', 'DAGS_FOLDER/student_data_migration.py', '--cfg-path', '/tmp/tmpkfrgsil3']
[2024-03-30T02:25:27.303+0000] {standard_task_runner.py:88} INFO - Job 180: Subtask join_datasets
[2024-03-30T02:25:27.343+0000] {task_command.py:423} INFO - Running <TaskInstance: migrate_student_data_to_snowflake.join_datasets scheduled__2024-03-29T00:00:00+00:00 [running]> on host ad4496215849
[2024-03-30T02:25:27.415+0000] {taskinstance.py:2513} INFO - Exporting env vars: AIRFLOW_CTX_DAG_OWNER='***' AIRFLOW_CTX_DAG_ID='migrate_student_data_to_snowflake' AIRFLOW_CTX_TASK_ID='join_datasets' AIRFLOW_CTX_EXECUTION_DATE='2024-03-29T00:00:00+00:00' AIRFLOW_CTX_TRY_NUMBER='1' AIRFLOW_CTX_DAG_RUN_ID='scheduled__2024-03-29T00:00:00+00:00'
[2024-03-30T02:25:27.422+0000] {student_data_migration.py:106} INFO - Datasets joined successfully.
[2024-03-30T02:25:27.422+0000] {python.py:202} INFO - Done. Returned value was:    student_id  ... missed_days
0        S001  ...         3.0
1        S002  ...         5.0
2        S003  ...         2.0
3        S004  ...         1.0
4        S005  ...         4.0
5        S006  ...         2.0
6        S007  ...         3.0
7        S008  ...         1.0
8        S009  ...         6.0
9        S010  ...         3.0
10       S011  ...         4.0
11       S012  ...         2.0
12       S013  ...         5.0
13       S014  ...         3.0
14       S015  ...         2.0
15       S016  ...         4.0
16       S017  ...         3.0
17       S018  ...         1.0
18       S019  ...         2.0
19       S020  ...         5.0
20       S021  ...         3.0
21       S022  ...         4.0
22       S023  ...         2.0
23       S024  ...         1.0
24       S025  ...         5.0
25       S026  ...         2.0
26       S027  ...         3.0
27       S028  ...         4.0
28       S029  ...         2.0
29       S030  ...         1.0
30       S031  ...         3.0
31       S072  ...         0.0
32       S073  ...         0.0
33       S034  ...         4.0
34       S035  ...         3.0
35       S036  ...         1.0
36       S037  ...         2.0
37       S038  ...         5.0
38       S039  ...         3.0
39       S040  ...         4.0
40       S041  ...         2.0
41       S042  ...         1.0
42       S043  ...         5.0
43       S044  ...         3.0
44       S045  ...         2.0
45       S046  ...         4.0
46       S047  ...         3.0
47       S048  ...         1.0
48       S049  ...         2.0
49       S050  ...         5.0

[50 rows x 4 columns]
[2024-03-30T02:25:27.483+0000] {taskinstance.py:1149} INFO - Marking task as SUCCESS. dag_id=migrate_student_data_to_snowflake, task_id=join_datasets, execution_date=20240329T000000, start_date=20240330T022527, end_date=20240330T022527
[2024-03-30T02:25:27.514+0000] {local_task_job_runner.py:234} INFO - Task exited with return code 0
[2024-03-30T02:25:27.530+0000] {taskinstance.py:3312} INFO - 1 downstream tasks scheduled from follow-on schedule check
[2024-03-30T02:30:26.182+0000] {taskinstance.py:1979} INFO - Dependencies all met for dep_context=non-requeueable deps ti=<TaskInstance: migrate_student_data_to_snowflake.join_datasets scheduled__2024-03-29T00:00:00+00:00 [queued]>
[2024-03-30T02:30:26.199+0000] {taskinstance.py:1979} INFO - Dependencies all met for dep_context=requeueable deps ti=<TaskInstance: migrate_student_data_to_snowflake.join_datasets scheduled__2024-03-29T00:00:00+00:00 [queued]>
[2024-03-30T02:30:26.200+0000] {taskinstance.py:2193} INFO - Starting attempt 1 of 2
[2024-03-30T02:30:26.215+0000] {taskinstance.py:2217} INFO - Executing <Task(PythonOperator): join_datasets> on 2024-03-29 00:00:00+00:00
[2024-03-30T02:30:26.226+0000] {standard_task_runner.py:60} INFO - Started process 84 to run task
[2024-03-30T02:30:26.231+0000] {standard_task_runner.py:87} INFO - Running: ['***', 'tasks', 'run', 'migrate_student_data_to_snowflake', 'join_datasets', 'scheduled__2024-03-29T00:00:00+00:00', '--job-id', '189', '--raw', '--subdir', 'DAGS_FOLDER/student_data_migration.py', '--cfg-path', '/tmp/tmpejdgy44c']
[2024-03-30T02:30:26.233+0000] {standard_task_runner.py:88} INFO - Job 189: Subtask join_datasets
[2024-03-30T02:30:26.275+0000] {task_command.py:423} INFO - Running <TaskInstance: migrate_student_data_to_snowflake.join_datasets scheduled__2024-03-29T00:00:00+00:00 [running]> on host c5cf3f729977
[2024-03-30T02:30:26.343+0000] {taskinstance.py:2513} INFO - Exporting env vars: AIRFLOW_CTX_DAG_OWNER='***' AIRFLOW_CTX_DAG_ID='migrate_student_data_to_snowflake' AIRFLOW_CTX_TASK_ID='join_datasets' AIRFLOW_CTX_EXECUTION_DATE='2024-03-29T00:00:00+00:00' AIRFLOW_CTX_TRY_NUMBER='1' AIRFLOW_CTX_DAG_RUN_ID='scheduled__2024-03-29T00:00:00+00:00'
[2024-03-30T02:30:26.350+0000] {student_data_migration.py:106} INFO - Datasets joined successfully.
[2024-03-30T02:30:26.350+0000] {python.py:202} INFO - Done. Returned value was:    student_id  ... missed_days
0        S001  ...         3.0
1        S002  ...         5.0
2        S003  ...         2.0
3        S004  ...         1.0
4        S005  ...         4.0
5        S006  ...         2.0
6        S007  ...         3.0
7        S008  ...         1.0
8        S009  ...         6.0
9        S010  ...         3.0
10       S011  ...         4.0
11       S012  ...         2.0
12       S013  ...         5.0
13       S014  ...         3.0
14       S015  ...         2.0
15       S016  ...         4.0
16       S017  ...         3.0
17       S018  ...         1.0
18       S019  ...         2.0
19       S020  ...         5.0
20       S021  ...         3.0
21       S022  ...         4.0
22       S023  ...         2.0
23       S024  ...         1.0
24       S025  ...         5.0
25       S026  ...         2.0
26       S027  ...         3.0
27       S028  ...         4.0
28       S029  ...         2.0
29       S030  ...         1.0
30       S031  ...         3.0
31       S072  ...         0.0
32       S073  ...         0.0
33       S034  ...         4.0
34       S035  ...         3.0
35       S036  ...         1.0
36       S037  ...         2.0
37       S038  ...         5.0
38       S039  ...         3.0
39       S040  ...         4.0
40       S041  ...         2.0
41       S042  ...         1.0
42       S043  ...         5.0
43       S044  ...         3.0
44       S045  ...         2.0
45       S046  ...         4.0
46       S047  ...         3.0
47       S048  ...         1.0
48       S049  ...         2.0
49       S050  ...         5.0

[50 rows x 4 columns]
[2024-03-30T02:30:26.414+0000] {taskinstance.py:1149} INFO - Marking task as SUCCESS. dag_id=migrate_student_data_to_snowflake, task_id=join_datasets, execution_date=20240329T000000, start_date=20240330T023026, end_date=20240330T023026
[2024-03-30T02:30:26.442+0000] {local_task_job_runner.py:234} INFO - Task exited with return code 0
[2024-03-30T02:30:26.459+0000] {taskinstance.py:3312} INFO - 1 downstream tasks scheduled from follow-on schedule check
[2024-03-30T02:40:31.445+0000] {taskinstance.py:1979} INFO - Dependencies all met for dep_context=non-requeueable deps ti=<TaskInstance: migrate_student_data_to_snowflake.join_datasets scheduled__2024-03-29T00:00:00+00:00 [queued]>
[2024-03-30T02:40:31.452+0000] {taskinstance.py:1979} INFO - Dependencies all met for dep_context=requeueable deps ti=<TaskInstance: migrate_student_data_to_snowflake.join_datasets scheduled__2024-03-29T00:00:00+00:00 [queued]>
[2024-03-30T02:40:31.453+0000] {taskinstance.py:2193} INFO - Starting attempt 1 of 2
[2024-03-30T02:40:31.464+0000] {taskinstance.py:2217} INFO - Executing <Task(PythonOperator): join_datasets> on 2024-03-29 00:00:00+00:00
[2024-03-30T02:40:31.469+0000] {standard_task_runner.py:60} INFO - Started process 85 to run task
[2024-03-30T02:40:31.471+0000] {standard_task_runner.py:87} INFO - Running: ['***', 'tasks', 'run', 'migrate_student_data_to_snowflake', 'join_datasets', 'scheduled__2024-03-29T00:00:00+00:00', '--job-id', '201', '--raw', '--subdir', 'DAGS_FOLDER/student_data_migration.py', '--cfg-path', '/tmp/tmp8ktpearo']
[2024-03-30T02:40:31.474+0000] {standard_task_runner.py:88} INFO - Job 201: Subtask join_datasets
[2024-03-30T02:40:31.510+0000] {task_command.py:423} INFO - Running <TaskInstance: migrate_student_data_to_snowflake.join_datasets scheduled__2024-03-29T00:00:00+00:00 [running]> on host aa35e1f2b044
[2024-03-30T02:40:31.580+0000] {taskinstance.py:2513} INFO - Exporting env vars: AIRFLOW_CTX_DAG_OWNER='***' AIRFLOW_CTX_DAG_ID='migrate_student_data_to_snowflake' AIRFLOW_CTX_TASK_ID='join_datasets' AIRFLOW_CTX_EXECUTION_DATE='2024-03-29T00:00:00+00:00' AIRFLOW_CTX_TRY_NUMBER='1' AIRFLOW_CTX_DAG_RUN_ID='scheduled__2024-03-29T00:00:00+00:00'
[2024-03-30T02:40:31.587+0000] {student_data_migration.py:102} INFO - Datasets joined successfully.
[2024-03-30T02:40:31.588+0000] {python.py:202} INFO - Done. Returned value was:    student_id  ... missed_days
0        S001  ...         3.0
1        S002  ...         5.0
2        S003  ...         2.0
3        S004  ...         1.0
4        S005  ...         4.0
5        S006  ...         2.0
6        S007  ...         3.0
7        S008  ...         1.0
8        S009  ...         6.0
9        S010  ...         3.0
10       S011  ...         4.0
11       S012  ...         2.0
12       S013  ...         5.0
13       S014  ...         3.0
14       S015  ...         2.0
15       S016  ...         4.0
16       S017  ...         3.0
17       S018  ...         1.0
18       S019  ...         2.0
19       S020  ...         5.0
20       S021  ...         3.0
21       S022  ...         4.0
22       S023  ...         2.0
23       S024  ...         1.0
24       S025  ...         5.0
25       S026  ...         2.0
26       S027  ...         3.0
27       S028  ...         4.0
28       S029  ...         2.0
29       S030  ...         1.0
30       S031  ...         3.0
31       S072  ...         0.0
32       S073  ...         0.0
33       S034  ...         4.0
34       S035  ...         3.0
35       S036  ...         1.0
36       S037  ...         2.0
37       S038  ...         5.0
38       S039  ...         3.0
39       S040  ...         4.0
40       S041  ...         2.0
41       S042  ...         1.0
42       S043  ...         5.0
43       S044  ...         3.0
44       S045  ...         2.0
45       S046  ...         4.0
46       S047  ...         3.0
47       S048  ...         1.0
48       S049  ...         2.0
49       S050  ...         5.0

[50 rows x 4 columns]
[2024-03-30T02:40:31.652+0000] {taskinstance.py:1149} INFO - Marking task as SUCCESS. dag_id=migrate_student_data_to_snowflake, task_id=join_datasets, execution_date=20240329T000000, start_date=20240330T024031, end_date=20240330T024031
[2024-03-30T02:40:31.685+0000] {local_task_job_runner.py:234} INFO - Task exited with return code 0
[2024-03-30T02:40:31.700+0000] {taskinstance.py:3312} INFO - 1 downstream tasks scheduled from follow-on schedule check
[2024-03-30T02:44:24.292+0000] {taskinstance.py:1979} INFO - Dependencies all met for dep_context=non-requeueable deps ti=<TaskInstance: migrate_student_data_to_snowflake.join_datasets scheduled__2024-03-29T00:00:00+00:00 [queued]>
[2024-03-30T02:44:24.299+0000] {taskinstance.py:1979} INFO - Dependencies all met for dep_context=requeueable deps ti=<TaskInstance: migrate_student_data_to_snowflake.join_datasets scheduled__2024-03-29T00:00:00+00:00 [queued]>
[2024-03-30T02:44:24.300+0000] {taskinstance.py:2193} INFO - Starting attempt 1 of 2
[2024-03-30T02:44:24.311+0000] {taskinstance.py:2217} INFO - Executing <Task(PythonOperator): join_datasets> on 2024-03-29 00:00:00+00:00
[2024-03-30T02:44:24.316+0000] {standard_task_runner.py:60} INFO - Started process 84 to run task
[2024-03-30T02:44:24.319+0000] {standard_task_runner.py:87} INFO - Running: ['***', 'tasks', 'run', 'migrate_student_data_to_snowflake', 'join_datasets', 'scheduled__2024-03-29T00:00:00+00:00', '--job-id', '211', '--raw', '--subdir', 'DAGS_FOLDER/student_data_migration.py', '--cfg-path', '/tmp/tmpquj0_fyj']
[2024-03-30T02:44:24.323+0000] {standard_task_runner.py:88} INFO - Job 211: Subtask join_datasets
[2024-03-30T02:44:24.391+0000] {task_command.py:423} INFO - Running <TaskInstance: migrate_student_data_to_snowflake.join_datasets scheduled__2024-03-29T00:00:00+00:00 [running]> on host 5f6fe71f0542
[2024-03-30T02:44:24.480+0000] {taskinstance.py:2513} INFO - Exporting env vars: AIRFLOW_CTX_DAG_OWNER='***' AIRFLOW_CTX_DAG_ID='migrate_student_data_to_snowflake' AIRFLOW_CTX_TASK_ID='join_datasets' AIRFLOW_CTX_EXECUTION_DATE='2024-03-29T00:00:00+00:00' AIRFLOW_CTX_TRY_NUMBER='1' AIRFLOW_CTX_DAG_RUN_ID='scheduled__2024-03-29T00:00:00+00:00'
[2024-03-30T02:44:24.489+0000] {student_data_migration.py:102} INFO - Datasets joined successfully.
[2024-03-30T02:44:24.490+0000] {python.py:202} INFO - Done. Returned value was:    student_id  ... missed_days
0        S001  ...         3.0
1        S002  ...         5.0
2        S003  ...         2.0
3        S004  ...         1.0
4        S005  ...         4.0
5        S006  ...         2.0
6        S007  ...         3.0
7        S008  ...         1.0
8        S009  ...         6.0
9        S010  ...         3.0
10       S011  ...         4.0
11       S012  ...         2.0
12       S013  ...         5.0
13       S014  ...         3.0
14       S015  ...         2.0
15       S016  ...         4.0
16       S017  ...         3.0
17       S018  ...         1.0
18       S019  ...         2.0
19       S020  ...         5.0
20       S021  ...         3.0
21       S022  ...         4.0
22       S023  ...         2.0
23       S024  ...         1.0
24       S025  ...         5.0
25       S026  ...         2.0
26       S027  ...         3.0
27       S028  ...         4.0
28       S029  ...         2.0
29       S030  ...         1.0
30       S031  ...         3.0
31       S072  ...         0.0
32       S073  ...         0.0
33       S034  ...         4.0
34       S035  ...         3.0
35       S036  ...         1.0
36       S037  ...         2.0
37       S038  ...         5.0
38       S039  ...         3.0
39       S040  ...         4.0
40       S041  ...         2.0
41       S042  ...         1.0
42       S043  ...         5.0
43       S044  ...         3.0
44       S045  ...         2.0
45       S046  ...         4.0
46       S047  ...         3.0
47       S048  ...         1.0
48       S049  ...         2.0
49       S050  ...         5.0

[50 rows x 4 columns]
[2024-03-30T02:44:24.557+0000] {taskinstance.py:1149} INFO - Marking task as SUCCESS. dag_id=migrate_student_data_to_snowflake, task_id=join_datasets, execution_date=20240329T000000, start_date=20240330T024424, end_date=20240330T024424
[2024-03-30T02:44:24.573+0000] {local_task_job_runner.py:234} INFO - Task exited with return code 0
[2024-03-30T02:44:24.590+0000] {taskinstance.py:3312} INFO - 1 downstream tasks scheduled from follow-on schedule check
[2024-03-30T02:47:36.872+0000] {taskinstance.py:1979} INFO - Dependencies all met for dep_context=non-requeueable deps ti=<TaskInstance: migrate_student_data_to_snowflake.join_datasets scheduled__2024-03-29T00:00:00+00:00 [queued]>
[2024-03-30T02:47:36.879+0000] {taskinstance.py:1979} INFO - Dependencies all met for dep_context=requeueable deps ti=<TaskInstance: migrate_student_data_to_snowflake.join_datasets scheduled__2024-03-29T00:00:00+00:00 [queued]>
[2024-03-30T02:47:36.879+0000] {taskinstance.py:2193} INFO - Starting attempt 1 of 2
[2024-03-30T02:47:36.889+0000] {taskinstance.py:2217} INFO - Executing <Task(PythonOperator): join_datasets> on 2024-03-29 00:00:00+00:00
[2024-03-30T02:47:36.894+0000] {standard_task_runner.py:60} INFO - Started process 85 to run task
[2024-03-30T02:47:36.897+0000] {standard_task_runner.py:87} INFO - Running: ['***', 'tasks', 'run', 'migrate_student_data_to_snowflake', 'join_datasets', 'scheduled__2024-03-29T00:00:00+00:00', '--job-id', '221', '--raw', '--subdir', 'DAGS_FOLDER/student_data_migration.py', '--cfg-path', '/tmp/tmpb13j5vfl']
[2024-03-30T02:47:36.900+0000] {standard_task_runner.py:88} INFO - Job 221: Subtask join_datasets
[2024-03-30T02:47:36.937+0000] {task_command.py:423} INFO - Running <TaskInstance: migrate_student_data_to_snowflake.join_datasets scheduled__2024-03-29T00:00:00+00:00 [running]> on host 554ede018a86
[2024-03-30T02:47:37.030+0000] {taskinstance.py:2513} INFO - Exporting env vars: AIRFLOW_CTX_DAG_OWNER='***' AIRFLOW_CTX_DAG_ID='migrate_student_data_to_snowflake' AIRFLOW_CTX_TASK_ID='join_datasets' AIRFLOW_CTX_EXECUTION_DATE='2024-03-29T00:00:00+00:00' AIRFLOW_CTX_TRY_NUMBER='1' AIRFLOW_CTX_DAG_RUN_ID='scheduled__2024-03-29T00:00:00+00:00'
[2024-03-30T02:47:37.039+0000] {student_data_migration.py:102} INFO - Datasets joined successfully.
[2024-03-30T02:47:37.040+0000] {python.py:202} INFO - Done. Returned value was:    student_id  ... missed_days
0        S001  ...         3.0
1        S002  ...         5.0
2        S003  ...         2.0
3        S004  ...         1.0
4        S005  ...         4.0
5        S006  ...         2.0
6        S007  ...         3.0
7        S008  ...         1.0
8        S009  ...         6.0
9        S010  ...         3.0
10       S011  ...         4.0
11       S012  ...         2.0
12       S013  ...         5.0
13       S014  ...         3.0
14       S015  ...         2.0
15       S016  ...         4.0
16       S017  ...         3.0
17       S018  ...         1.0
18       S019  ...         2.0
19       S020  ...         5.0
20       S021  ...         3.0
21       S022  ...         4.0
22       S023  ...         2.0
23       S024  ...         1.0
24       S025  ...         5.0
25       S026  ...         2.0
26       S027  ...         3.0
27       S028  ...         4.0
28       S029  ...         2.0
29       S030  ...         1.0
30       S031  ...         3.0
31       S072  ...         0.0
32       S073  ...         0.0
33       S034  ...         4.0
34       S035  ...         3.0
35       S036  ...         1.0
36       S037  ...         2.0
37       S038  ...         5.0
38       S039  ...         3.0
39       S040  ...         4.0
40       S041  ...         2.0
41       S042  ...         1.0
42       S043  ...         5.0
43       S044  ...         3.0
44       S045  ...         2.0
45       S046  ...         4.0
46       S047  ...         3.0
47       S048  ...         1.0
48       S049  ...         2.0
49       S050  ...         5.0

[50 rows x 4 columns]
[2024-03-30T02:47:37.087+0000] {taskinstance.py:1149} INFO - Marking task as SUCCESS. dag_id=migrate_student_data_to_snowflake, task_id=join_datasets, execution_date=20240329T000000, start_date=20240330T024736, end_date=20240330T024737
[2024-03-30T02:47:37.110+0000] {local_task_job_runner.py:234} INFO - Task exited with return code 0
[2024-03-30T02:47:37.127+0000] {taskinstance.py:3312} INFO - 1 downstream tasks scheduled from follow-on schedule check
[2024-03-30T02:51:59.851+0000] {taskinstance.py:1979} INFO - Dependencies all met for dep_context=non-requeueable deps ti=<TaskInstance: migrate_student_data_to_snowflake.join_datasets scheduled__2024-03-29T00:00:00+00:00 [queued]>
[2024-03-30T02:51:59.859+0000] {taskinstance.py:1979} INFO - Dependencies all met for dep_context=requeueable deps ti=<TaskInstance: migrate_student_data_to_snowflake.join_datasets scheduled__2024-03-29T00:00:00+00:00 [queued]>
[2024-03-30T02:51:59.859+0000] {taskinstance.py:2193} INFO - Starting attempt 1 of 2
[2024-03-30T02:51:59.869+0000] {taskinstance.py:2217} INFO - Executing <Task(PythonOperator): join_datasets> on 2024-03-29 00:00:00+00:00
[2024-03-30T02:51:59.873+0000] {standard_task_runner.py:60} INFO - Started process 85 to run task
[2024-03-30T02:51:59.876+0000] {standard_task_runner.py:87} INFO - Running: ['***', 'tasks', 'run', 'migrate_student_data_to_snowflake', 'join_datasets', 'scheduled__2024-03-29T00:00:00+00:00', '--job-id', '231', '--raw', '--subdir', 'DAGS_FOLDER/student_data_migration.py', '--cfg-path', '/tmp/tmpl3u7z2_k']
[2024-03-30T02:51:59.878+0000] {standard_task_runner.py:88} INFO - Job 231: Subtask join_datasets
[2024-03-30T02:51:59.916+0000] {task_command.py:423} INFO - Running <TaskInstance: migrate_student_data_to_snowflake.join_datasets scheduled__2024-03-29T00:00:00+00:00 [running]> on host 38988ffa029d
[2024-03-30T02:51:59.984+0000] {taskinstance.py:2513} INFO - Exporting env vars: AIRFLOW_CTX_DAG_OWNER='***' AIRFLOW_CTX_DAG_ID='migrate_student_data_to_snowflake' AIRFLOW_CTX_TASK_ID='join_datasets' AIRFLOW_CTX_EXECUTION_DATE='2024-03-29T00:00:00+00:00' AIRFLOW_CTX_TRY_NUMBER='1' AIRFLOW_CTX_DAG_RUN_ID='scheduled__2024-03-29T00:00:00+00:00'
[2024-03-30T02:51:59.993+0000] {student_data_migration.py:102} INFO - Datasets joined successfully.
[2024-03-30T02:51:59.993+0000] {python.py:202} INFO - Done. Returned value was:    student_id  ... missed_days
0        S001  ...         3.0
1        S002  ...         5.0
2        S003  ...         2.0
3        S004  ...         1.0
4        S005  ...         4.0
5        S006  ...         2.0
6        S007  ...         3.0
7        S008  ...         1.0
8        S009  ...         6.0
9        S010  ...         3.0
10       S011  ...         4.0
11       S012  ...         2.0
12       S013  ...         5.0
13       S014  ...         3.0
14       S015  ...         2.0
15       S016  ...         4.0
16       S017  ...         3.0
17       S018  ...         1.0
18       S019  ...         2.0
19       S020  ...         5.0
20       S021  ...         3.0
21       S022  ...         4.0
22       S023  ...         2.0
23       S024  ...         1.0
24       S025  ...         5.0
25       S026  ...         2.0
26       S027  ...         3.0
27       S028  ...         4.0
28       S029  ...         2.0
29       S030  ...         1.0
30       S031  ...         3.0
31       S072  ...         0.0
32       S073  ...         0.0
33       S034  ...         4.0
34       S035  ...         3.0
35       S036  ...         1.0
36       S037  ...         2.0
37       S038  ...         5.0
38       S039  ...         3.0
39       S040  ...         4.0
40       S041  ...         2.0
41       S042  ...         1.0
42       S043  ...         5.0
43       S044  ...         3.0
44       S045  ...         2.0
45       S046  ...         4.0
46       S047  ...         3.0
47       S048  ...         1.0
48       S049  ...         2.0
49       S050  ...         5.0

[50 rows x 4 columns]
[2024-03-30T02:52:00.078+0000] {taskinstance.py:1149} INFO - Marking task as SUCCESS. dag_id=migrate_student_data_to_snowflake, task_id=join_datasets, execution_date=20240329T000000, start_date=20240330T025159, end_date=20240330T025200
[2024-03-30T02:52:00.129+0000] {local_task_job_runner.py:234} INFO - Task exited with return code 0
[2024-03-30T02:52:00.147+0000] {taskinstance.py:3312} INFO - 1 downstream tasks scheduled from follow-on schedule check
[2024-03-30T03:01:30.977+0000] {taskinstance.py:1979} INFO - Dependencies all met for dep_context=non-requeueable deps ti=<TaskInstance: migrate_student_data_to_snowflake.join_datasets scheduled__2024-03-29T00:00:00+00:00 [queued]>
[2024-03-30T03:01:30.993+0000] {taskinstance.py:1979} INFO - Dependencies all met for dep_context=requeueable deps ti=<TaskInstance: migrate_student_data_to_snowflake.join_datasets scheduled__2024-03-29T00:00:00+00:00 [queued]>
[2024-03-30T03:01:30.994+0000] {taskinstance.py:2193} INFO - Starting attempt 1 of 2
[2024-03-30T03:01:31.024+0000] {taskinstance.py:2217} INFO - Executing <Task(PythonOperator): join_datasets> on 2024-03-29 00:00:00+00:00
[2024-03-30T03:01:31.036+0000] {standard_task_runner.py:60} INFO - Started process 93 to run task
[2024-03-30T03:01:31.044+0000] {standard_task_runner.py:87} INFO - Running: ['***', 'tasks', 'run', 'migrate_student_data_to_snowflake', 'join_datasets', 'scheduled__2024-03-29T00:00:00+00:00', '--job-id', '244', '--raw', '--subdir', 'DAGS_FOLDER/student_data_migration.py', '--cfg-path', '/tmp/tmpuao74bt7']
[2024-03-30T03:01:31.050+0000] {standard_task_runner.py:88} INFO - Job 244: Subtask join_datasets
[2024-03-30T03:01:31.104+0000] {task_command.py:423} INFO - Running <TaskInstance: migrate_student_data_to_snowflake.join_datasets scheduled__2024-03-29T00:00:00+00:00 [running]> on host 683019c18b1b
[2024-03-30T03:01:31.174+0000] {taskinstance.py:2513} INFO - Exporting env vars: AIRFLOW_CTX_DAG_OWNER='***' AIRFLOW_CTX_DAG_ID='migrate_student_data_to_snowflake' AIRFLOW_CTX_TASK_ID='join_datasets' AIRFLOW_CTX_EXECUTION_DATE='2024-03-29T00:00:00+00:00' AIRFLOW_CTX_TRY_NUMBER='1' AIRFLOW_CTX_DAG_RUN_ID='scheduled__2024-03-29T00:00:00+00:00'
[2024-03-30T03:01:31.181+0000] {student_data_migration.py:102} INFO - Datasets joined successfully.
[2024-03-30T03:01:31.182+0000] {python.py:202} INFO - Done. Returned value was:    student_id  ... missed_days
0        S001  ...         3.0
1        S002  ...         5.0
2        S003  ...         2.0
3        S004  ...         1.0
4        S005  ...         4.0
5        S006  ...         2.0
6        S007  ...         3.0
7        S008  ...         1.0
8        S009  ...         6.0
9        S010  ...         3.0
10       S011  ...         4.0
11       S012  ...         2.0
12       S013  ...         5.0
13       S014  ...         3.0
14       S015  ...         2.0
15       S016  ...         4.0
16       S017  ...         3.0
17       S018  ...         1.0
18       S019  ...         2.0
19       S020  ...         5.0
20       S021  ...         3.0
21       S022  ...         4.0
22       S023  ...         2.0
23       S024  ...         1.0
24       S025  ...         5.0
25       S026  ...         2.0
26       S027  ...         3.0
27       S028  ...         4.0
28       S029  ...         2.0
29       S030  ...         1.0
30       S031  ...         3.0
31       S072  ...         0.0
32       S073  ...         0.0
33       S034  ...         4.0
34       S035  ...         3.0
35       S036  ...         1.0
36       S037  ...         2.0
37       S038  ...         5.0
38       S039  ...         3.0
39       S040  ...         4.0
40       S041  ...         2.0
41       S042  ...         1.0
42       S043  ...         5.0
43       S044  ...         3.0
44       S045  ...         2.0
45       S046  ...         4.0
46       S047  ...         3.0
47       S048  ...         1.0
48       S049  ...         2.0
49       S050  ...         5.0

[50 rows x 4 columns]
[2024-03-30T03:01:31.247+0000] {taskinstance.py:1149} INFO - Marking task as SUCCESS. dag_id=migrate_student_data_to_snowflake, task_id=join_datasets, execution_date=20240329T000000, start_date=20240330T030130, end_date=20240330T030131
[2024-03-30T03:01:31.298+0000] {local_task_job_runner.py:234} INFO - Task exited with return code 0
[2024-03-30T03:01:31.315+0000] {taskinstance.py:3312} INFO - 1 downstream tasks scheduled from follow-on schedule check
[2024-03-30T03:23:29.518+0000] {taskinstance.py:1979} INFO - Dependencies all met for dep_context=non-requeueable deps ti=<TaskInstance: migrate_student_data_to_snowflake.join_datasets scheduled__2024-03-29T00:00:00+00:00 [queued]>
[2024-03-30T03:23:29.531+0000] {taskinstance.py:1979} INFO - Dependencies all met for dep_context=requeueable deps ti=<TaskInstance: migrate_student_data_to_snowflake.join_datasets scheduled__2024-03-29T00:00:00+00:00 [queued]>
[2024-03-30T03:23:29.532+0000] {taskinstance.py:2193} INFO - Starting attempt 1 of 2
[2024-03-30T03:23:29.548+0000] {taskinstance.py:2217} INFO - Executing <Task(PythonOperator): join_datasets> on 2024-03-29 00:00:00+00:00
[2024-03-30T03:23:29.557+0000] {standard_task_runner.py:60} INFO - Started process 100 to run task
[2024-03-30T03:23:29.560+0000] {standard_task_runner.py:87} INFO - Running: ['***', 'tasks', 'run', 'migrate_student_data_to_snowflake', 'join_datasets', 'scheduled__2024-03-29T00:00:00+00:00', '--job-id', '257', '--raw', '--subdir', 'DAGS_FOLDER/student_data_migration.py', '--cfg-path', '/tmp/tmp7606v6tl']
[2024-03-30T03:23:29.563+0000] {standard_task_runner.py:88} INFO - Job 257: Subtask join_datasets
[2024-03-30T03:23:29.605+0000] {task_command.py:423} INFO - Running <TaskInstance: migrate_student_data_to_snowflake.join_datasets scheduled__2024-03-29T00:00:00+00:00 [running]> on host 7fb200567cf8
[2024-03-30T03:23:29.687+0000] {taskinstance.py:2513} INFO - Exporting env vars: AIRFLOW_CTX_DAG_OWNER='***' AIRFLOW_CTX_DAG_ID='migrate_student_data_to_snowflake' AIRFLOW_CTX_TASK_ID='join_datasets' AIRFLOW_CTX_EXECUTION_DATE='2024-03-29T00:00:00+00:00' AIRFLOW_CTX_TRY_NUMBER='1' AIRFLOW_CTX_DAG_RUN_ID='scheduled__2024-03-29T00:00:00+00:00'
[2024-03-30T03:23:29.698+0000] {student_data_migration.py:102} INFO - Datasets joined successfully.
[2024-03-30T03:23:29.700+0000] {python.py:202} INFO - Done. Returned value was:    student_id  ... missed_days
0        S001  ...         3.0
1        S002  ...         5.0
2        S003  ...         2.0
3        S004  ...         1.0
4        S005  ...         4.0
5        S006  ...         2.0
6        S007  ...         3.0
7        S008  ...         1.0
8        S009  ...         6.0
9        S010  ...         3.0
10       S011  ...         4.0
11       S012  ...         2.0
12       S013  ...         5.0
13       S014  ...         3.0
14       S015  ...         2.0
15       S016  ...         4.0
16       S017  ...         3.0
17       S018  ...         1.0
18       S019  ...         2.0
19       S020  ...         5.0
20       S021  ...         3.0
21       S022  ...         4.0
22       S023  ...         2.0
23       S024  ...         1.0
24       S025  ...         5.0
25       S026  ...         2.0
26       S027  ...         3.0
27       S028  ...         4.0
28       S029  ...         2.0
29       S030  ...         1.0
30       S031  ...         3.0
31       S072  ...         0.0
32       S073  ...         0.0
33       S034  ...         4.0
34       S035  ...         3.0
35       S036  ...         1.0
36       S037  ...         2.0
37       S038  ...         5.0
38       S039  ...         3.0
39       S040  ...         4.0
40       S041  ...         2.0
41       S042  ...         1.0
42       S043  ...         5.0
43       S044  ...         3.0
44       S045  ...         2.0
45       S046  ...         4.0
46       S047  ...         3.0
47       S048  ...         1.0
48       S049  ...         2.0
49       S050  ...         5.0

[50 rows x 4 columns]
[2024-03-30T03:23:29.774+0000] {taskinstance.py:1149} INFO - Marking task as SUCCESS. dag_id=migrate_student_data_to_snowflake, task_id=join_datasets, execution_date=20240329T000000, start_date=20240330T032329, end_date=20240330T032329
[2024-03-30T03:23:29.813+0000] {local_task_job_runner.py:234} INFO - Task exited with return code 0
[2024-03-30T03:23:29.832+0000] {taskinstance.py:3312} INFO - 1 downstream tasks scheduled from follow-on schedule check
