[2024-03-30T01:44:39.682+0000] {taskinstance.py:1979} INFO - Dependencies all met for dep_context=non-requeueable deps ti=<TaskInstance: migrate_student_data_to_snowflake.load_data_to_snowflake manual__2024-03-30T01:44:34.867567+00:00 [queued]>
[2024-03-30T01:44:39.690+0000] {taskinstance.py:1979} INFO - Dependencies all met for dep_context=requeueable deps ti=<TaskInstance: migrate_student_data_to_snowflake.load_data_to_snowflake manual__2024-03-30T01:44:34.867567+00:00 [queued]>
[2024-03-30T01:44:39.691+0000] {taskinstance.py:2193} INFO - Starting attempt 1 of 2
[2024-03-30T01:44:39.701+0000] {taskinstance.py:2217} INFO - Executing <Task(PythonOperator): load_data_to_snowflake> on 2024-03-30 01:44:34.867567+00:00
[2024-03-30T01:44:39.706+0000] {standard_task_runner.py:60} INFO - Started process 106 to run task
[2024-03-30T01:44:39.708+0000] {standard_task_runner.py:87} INFO - Running: ['***', 'tasks', 'run', 'migrate_student_data_to_snowflake', 'load_data_to_snowflake', 'manual__2024-03-30T01:44:34.867567+00:00', '--job-id', '131', '--raw', '--subdir', 'DAGS_FOLDER/student_data_migration.py', '--cfg-path', '/tmp/tmpuoai61y5']
[2024-03-30T01:44:39.710+0000] {standard_task_runner.py:88} INFO - Job 131: Subtask load_data_to_snowflake
[2024-03-30T01:44:39.748+0000] {task_command.py:423} INFO - Running <TaskInstance: migrate_student_data_to_snowflake.load_data_to_snowflake manual__2024-03-30T01:44:34.867567+00:00 [running]> on host b8eaf178e461
[2024-03-30T01:44:39.852+0000] {taskinstance.py:2513} INFO - Exporting env vars: AIRFLOW_CTX_DAG_OWNER='***' AIRFLOW_CTX_DAG_ID='migrate_student_data_to_snowflake' AIRFLOW_CTX_TASK_ID='load_data_to_snowflake' AIRFLOW_CTX_EXECUTION_DATE='2024-03-30T01:44:34.867567+00:00' AIRFLOW_CTX_TRY_NUMBER='1' AIRFLOW_CTX_DAG_RUN_ID='manual__2024-03-30T01:44:34.867567+00:00'
[2024-03-30T01:44:39.854+0000] {connection.py:386} INFO - Snowflake Connector for Python Version: 3.7.1, Python Version: 3.8.19, Platform: Linux-5.15.146.1-microsoft-standard-WSL2-x86_64-with-glibc2.34
[2024-03-30T01:44:39.855+0000] {connection.py:1211} INFO - This connection is in OCSP Fail Open Mode. TLS Certificates would be checked for validity and revocation status. Any other Certificate Revocation related exceptions or OCSP Responder failures would be disregarded in favor of connectivity.
[2024-03-30T01:44:40.911+0000] {cursor.py:1032} INFO - query: [CREATE DATABASE IF NOT EXISTS VIEWS_STUDENTS]
[2024-03-30T01:44:41.044+0000] {cursor.py:1045} INFO - query execution done
[2024-03-30T01:44:41.045+0000] {cursor.py:1205} INFO - Number of results in first chunk: 1
[2024-03-30T01:44:41.045+0000] {cursor.py:1032} INFO - query: [USE DATABASE VIEWS_STUDENTS]
[2024-03-30T01:44:41.212+0000] {cursor.py:1045} INFO - query execution done
[2024-03-30T01:44:41.212+0000] {cursor.py:1205} INFO - Number of results in first chunk: 1
[2024-03-30T01:44:41.213+0000] {cursor.py:1032} INFO - query: [CREATE SCHEMA IF NOT EXISTS STUDENTS_SEMANTIC]
[2024-03-30T01:44:41.293+0000] {cursor.py:1045} INFO - query execution done
[2024-03-30T01:44:41.294+0000] {cursor.py:1205} INFO - Number of results in first chunk: 1
[2024-03-30T01:44:41.294+0000] {cursor.py:1032} INFO - query: [USE SCHEMA STUDENTS_SEMANTIC]
[2024-03-30T01:44:41.394+0000] {cursor.py:1045} INFO - query execution done
[2024-03-30T01:44:41.395+0000] {cursor.py:1205} INFO - Number of results in first chunk: 1
[2024-03-30T01:44:41.395+0000] {cursor.py:1032} INFO - query: [CREATE TABLE IF NOT EXISTS FINAL_MERGED ( student_id VARCHAR, grades VARIANT, mi...]
[2024-03-30T01:44:41.509+0000] {cursor.py:1045} INFO - query execution done
[2024-03-30T01:44:41.510+0000] {cursor.py:1205} INFO - Number of results in first chunk: 1
[2024-03-30T01:44:41.512+0000] {cursor.py:1032} INFO - query: [CREATE TEMP STAGE /* Python:snowflake.connector.pandas_tools.write_pandas() */ "...]
[2024-03-30T01:44:41.650+0000] {cursor.py:1045} INFO - query execution done
[2024-03-30T01:44:41.651+0000] {cursor.py:1205} INFO - Number of results in first chunk: 1
[2024-03-30T01:44:41.655+0000] {cursor.py:1032} INFO - query: [PUT /* Python:snowflake.connector.pandas_tools.write_pandas() */ 'file:///tmp/tm...]
[2024-03-30T01:44:41.833+0000] {cursor.py:1045} INFO - query execution done
[2024-03-30T01:44:42.061+0000] {cursor.py:1032} INFO - query: [COPY INTO "STUDENTS_SEMANTIC"."FINAL_MERGED" /* Python:snowflake.connector.panda...]
[2024-03-30T01:44:42.168+0000] {cursor.py:1045} INFO - query execution done
[2024-03-30T01:44:42.176+0000] {student_data_migration.py:142} ERROR - Error loading data into Snowflake: 000904 (42000): 01b352e3-0000-3e0f-0000-0000499135ad: SQL compilation error: error line 1 at position 107
invalid identifier '"student_id"'
[2024-03-30T01:44:42.176+0000] {connection.py:734} INFO - closed
[2024-03-30T01:44:42.210+0000] {connection.py:740} INFO - No async queries seem to be running, deleting session
[2024-03-30T01:44:42.262+0000] {taskinstance.py:2731} ERROR - Task failed with exception
Traceback (most recent call last):
  File "/home/airflow/.local/lib/python3.8/site-packages/airflow/models/taskinstance.py", line 444, in _execute_task
    result = _execute_callable(context=context, **execute_callable_kwargs)
  File "/home/airflow/.local/lib/python3.8/site-packages/airflow/models/taskinstance.py", line 414, in _execute_callable
    return execute_callable(context=context, **execute_callable_kwargs)
  File "/home/airflow/.local/lib/python3.8/site-packages/airflow/operators/python.py", line 200, in execute
    return_value = self.execute_callable()
  File "/home/airflow/.local/lib/python3.8/site-packages/airflow/operators/python.py", line 217, in execute_callable
    return self.python_callable(*self.op_args, **self.op_kwargs)
  File "/opt/airflow/dags/student_data_migration.py", line 135, in load_data_to_snowflake
    write_pandas(conn=conn,
  File "/home/airflow/.local/lib/python3.8/site-packages/snowflake/connector/pandas_tools.py", line 438, in write_pandas
    copy_results = cursor.execute(copy_into_sql, _is_internal=True).fetchall()
  File "/home/airflow/.local/lib/python3.8/site-packages/snowflake/connector/cursor.py", line 1136, in execute
    Error.errorhandler_wrapper(self.connection, self, error_class, errvalue)
  File "/home/airflow/.local/lib/python3.8/site-packages/snowflake/connector/errors.py", line 290, in errorhandler_wrapper
    handed_over = Error.hand_to_other_handler(
  File "/home/airflow/.local/lib/python3.8/site-packages/snowflake/connector/errors.py", line 345, in hand_to_other_handler
    cursor.errorhandler(connection, cursor, error_class, error_value)
  File "/home/airflow/.local/lib/python3.8/site-packages/snowflake/connector/errors.py", line 221, in default_errorhandler
    raise error_class(
snowflake.connector.errors.ProgrammingError: 000904 (42000): 01b352e3-0000-3e0f-0000-0000499135ad: SQL compilation error: error line 1 at position 107
invalid identifier '"student_id"'
[2024-03-30T01:44:42.272+0000] {taskinstance.py:1149} INFO - Marking task as UP_FOR_RETRY. dag_id=migrate_student_data_to_snowflake, task_id=load_data_to_snowflake, execution_date=20240330T014434, start_date=20240330T014439, end_date=20240330T014442
[2024-03-30T01:44:42.283+0000] {standard_task_runner.py:107} ERROR - Failed to execute job 131 for task load_data_to_snowflake (000904 (42000): 01b352e3-0000-3e0f-0000-0000499135ad: SQL compilation error: error line 1 at position 107
invalid identifier '"student_id"'; 106)
[2024-03-30T01:44:42.293+0000] {local_task_job_runner.py:234} INFO - Task exited with return code 1
[2024-03-30T01:44:42.307+0000] {taskinstance.py:3312} INFO - 0 downstream tasks scheduled from follow-on schedule check
