[2024-03-30T02:44:25.658+0000] {taskinstance.py:1979} INFO - Dependencies all met for dep_context=non-requeueable deps ti=<TaskInstance: migrate_student_data_to_snowflake.load_data_to_snowflake manual__2024-03-30T02:44:19.133091+00:00 [queued]>
[2024-03-30T02:44:25.665+0000] {taskinstance.py:1979} INFO - Dependencies all met for dep_context=requeueable deps ti=<TaskInstance: migrate_student_data_to_snowflake.load_data_to_snowflake manual__2024-03-30T02:44:19.133091+00:00 [queued]>
[2024-03-30T02:44:25.666+0000] {taskinstance.py:2193} INFO - Starting attempt 1 of 2
[2024-03-30T02:44:25.675+0000] {taskinstance.py:2217} INFO - Executing <Task(PythonOperator): load_data_to_snowflake> on 2024-03-30 02:44:19.133091+00:00
[2024-03-30T02:44:25.681+0000] {standard_task_runner.py:60} INFO - Started process 90 to run task
[2024-03-30T02:44:25.683+0000] {standard_task_runner.py:87} INFO - Running: ['***', 'tasks', 'run', 'migrate_student_data_to_snowflake', 'load_data_to_snowflake', 'manual__2024-03-30T02:44:19.133091+00:00', '--job-id', '214', '--raw', '--subdir', 'DAGS_FOLDER/student_data_migration.py', '--cfg-path', '/tmp/tmpnpd5u7lh']
[2024-03-30T02:44:25.686+0000] {standard_task_runner.py:88} INFO - Job 214: Subtask load_data_to_snowflake
[2024-03-30T02:44:25.722+0000] {task_command.py:423} INFO - Running <TaskInstance: migrate_student_data_to_snowflake.load_data_to_snowflake manual__2024-03-30T02:44:19.133091+00:00 [running]> on host 5f6fe71f0542
[2024-03-30T02:44:25.873+0000] {taskinstance.py:2513} INFO - Exporting env vars: AIRFLOW_CTX_DAG_OWNER='***' AIRFLOW_CTX_DAG_ID='migrate_student_data_to_snowflake' AIRFLOW_CTX_TASK_ID='load_data_to_snowflake' AIRFLOW_CTX_EXECUTION_DATE='2024-03-30T02:44:19.133091+00:00' AIRFLOW_CTX_TRY_NUMBER='1' AIRFLOW_CTX_DAG_RUN_ID='manual__2024-03-30T02:44:19.133091+00:00'
[2024-03-30T02:44:25.874+0000] {connection.py:386} INFO - Snowflake Connector for Python Version: 3.7.1, Python Version: 3.8.19, Platform: Linux-5.15.146.1-microsoft-standard-WSL2-x86_64-with-glibc2.34
[2024-03-30T02:44:25.875+0000] {connection.py:1211} INFO - This connection is in OCSP Fail Open Mode. TLS Certificates would be checked for validity and revocation status. Any other Certificate Revocation related exceptions or OCSP Responder failures would be disregarded in favor of connectivity.
[2024-03-30T02:44:26.634+0000] {cursor.py:1032} INFO - query: [CREATE DATABASE IF NOT EXISTS VIEWS_STUDENTS]
[2024-03-30T02:44:26.749+0000] {cursor.py:1045} INFO - query execution done
[2024-03-30T02:44:26.750+0000] {cursor.py:1205} INFO - Number of results in first chunk: 1
[2024-03-30T02:44:26.750+0000] {cursor.py:1032} INFO - query: [USE DATABASE VIEWS_STUDENTS]
[2024-03-30T02:44:26.845+0000] {cursor.py:1045} INFO - query execution done
[2024-03-30T02:44:26.846+0000] {cursor.py:1205} INFO - Number of results in first chunk: 1
[2024-03-30T02:44:26.847+0000] {cursor.py:1032} INFO - query: [CREATE SCHEMA IF NOT EXISTS STUDENTS_SEMANTIC]
[2024-03-30T02:44:26.914+0000] {cursor.py:1045} INFO - query execution done
[2024-03-30T02:44:26.915+0000] {cursor.py:1205} INFO - Number of results in first chunk: 1
[2024-03-30T02:44:26.916+0000] {cursor.py:1032} INFO - query: [USE SCHEMA STUDENTS_SEMANTIC]
[2024-03-30T02:44:27.002+0000] {cursor.py:1045} INFO - query execution done
[2024-03-30T02:44:27.003+0000] {cursor.py:1205} INFO - Number of results in first chunk: 1
[2024-03-30T02:44:27.004+0000] {cursor.py:1032} INFO - query: [CREATE OR REPLACE TABLE FINAL_MERGED ( student_id VARCHAR, name VARCHAR, grades ...]
[2024-03-30T02:44:27.272+0000] {cursor.py:1045} INFO - query execution done
[2024-03-30T02:44:27.273+0000] {cursor.py:1205} INFO - Number of results in first chunk: 1
[2024-03-30T02:44:27.282+0000] {student_data_migration.py:143} ERROR - Error loading data into Snowflake: 252004: 252004: Failed processing pyformat-parameters; 255001: 255001: Binding data in type (dict) is not supported.
[2024-03-30T02:44:27.282+0000] {connection.py:734} INFO - closed
[2024-03-30T02:44:27.315+0000] {connection.py:740} INFO - No async queries seem to be running, deleting session
[2024-03-30T02:44:27.364+0000] {taskinstance.py:2731} ERROR - Task failed with exception
Traceback (most recent call last):
  File "/home/airflow/.local/lib/python3.8/site-packages/snowflake/connector/connection.py", line 1517, in _process_params_pyformat
    ret = tuple(res)
  File "/home/airflow/.local/lib/python3.8/site-packages/snowflake/connector/connection.py", line 1563, in _process_single_param
    return _quote(escape(to_snowflake(param)))
  File "/home/airflow/.local/lib/python3.8/site-packages/snowflake/connector/converter.py", line 481, in to_snowflake
    return getattr(self, f"_{type_name}_to_snowflake")(value)
  File "/home/airflow/.local/lib/python3.8/site-packages/snowflake/connector/converter.py", line 653, in __getattr__
    raise ProgrammingError(
snowflake.connector.errors.ProgrammingError: 255001: 255001: Binding data in type (dict) is not supported.

During handling of the above exception, another exception occurred:

Traceback (most recent call last):
  File "/home/airflow/.local/lib/python3.8/site-packages/airflow/models/taskinstance.py", line 444, in _execute_task
    result = _execute_callable(context=context, **execute_callable_kwargs)
  File "/home/airflow/.local/lib/python3.8/site-packages/airflow/models/taskinstance.py", line 414, in _execute_callable
    return execute_callable(context=context, **execute_callable_kwargs)
  File "/home/airflow/.local/lib/python3.8/site-packages/airflow/operators/python.py", line 200, in execute
    return_value = self.execute_callable()
  File "/home/airflow/.local/lib/python3.8/site-packages/airflow/operators/python.py", line 217, in execute_callable
    return self.python_callable(*self.op_args, **self.op_kwargs)
  File "/opt/airflow/dags/student_data_migration.py", line 133, in load_data_to_snowflake
    cursor.execute(query, (
  File "/home/airflow/.local/lib/python3.8/site-packages/snowflake/connector/cursor.py", line 1000, in execute
    query = self._preprocess_pyformat_query(command, params)
  File "/home/airflow/.local/lib/python3.8/site-packages/snowflake/connector/cursor.py", line 810, in _preprocess_pyformat_query
    processed_params = self._connection._process_params_pyformat(params, self)
  File "/home/airflow/.local/lib/python3.8/site-packages/snowflake/connector/connection.py", line 1521, in _process_params_pyformat
    Error.errorhandler_wrapper(
  File "/home/airflow/.local/lib/python3.8/site-packages/snowflake/connector/errors.py", line 290, in errorhandler_wrapper
    handed_over = Error.hand_to_other_handler(
  File "/home/airflow/.local/lib/python3.8/site-packages/snowflake/connector/errors.py", line 345, in hand_to_other_handler
    cursor.errorhandler(connection, cursor, error_class, error_value)
  File "/home/airflow/.local/lib/python3.8/site-packages/snowflake/connector/errors.py", line 221, in default_errorhandler
    raise error_class(
snowflake.connector.errors.ProgrammingError: 252004: 252004: Failed processing pyformat-parameters; 255001: 255001: Binding data in type (dict) is not supported.
[2024-03-30T02:44:27.372+0000] {taskinstance.py:1149} INFO - Marking task as UP_FOR_RETRY. dag_id=migrate_student_data_to_snowflake, task_id=load_data_to_snowflake, execution_date=20240330T024419, start_date=20240330T024425, end_date=20240330T024427
[2024-03-30T02:44:27.381+0000] {standard_task_runner.py:107} ERROR - Failed to execute job 214 for task load_data_to_snowflake (252004: 252004: Failed processing pyformat-parameters; 255001: 255001: Binding data in type (dict) is not supported.; 90)
[2024-03-30T02:44:27.423+0000] {local_task_job_runner.py:234} INFO - Task exited with return code 1
[2024-03-30T02:44:27.436+0000] {taskinstance.py:3312} INFO - 0 downstream tasks scheduled from follow-on schedule check
